# JRE version: OpenJDK Runtime Environment (8.0_202-b03) (build 1.8.0_202-release-1483-b03)
# Java VM: OpenJDK 64-Bit Server VM (25.202-b03 mixed mode windows-amd64 compressed oops)
Heap:
 PSYoungGen      total 349696K, used 317734K [0x00000000e0000000, 0x0000000100000000, 0x0000000100000000)
  eden space 175104K, 100% used [0x00000000e0000000,0x00000000eab00000,0x00000000eab00000)
  from space 174592K, 81% used [0x00000000eab00000,0x00000000f3649bf8,0x00000000f5580000)
  to   space 174592K, 17% used [0x00000000f5580000,0x00000000f735d9d8,0x0000000100000000)
 ParOldGen       total 579072K, used 487499K [0x00000000a0000000, 0x00000000c3580000, 0x00000000e0000000)
  object space 579072K, 84% used [0x00000000a0000000,0x00000000bdc12d60,0x00000000c3580000)
 Metaspace       used 201108K, capacity 208441K, committed 210472K, reserved 1234944K
  class space    used 24051K, capacity 25440K, committed 25896K, reserved 1048576K
GC Heap History (10 events):
Event: 14651.594 GC heap after
Heap after GC invocations=212 (full 15):
 PSYoungGen      total 380928K, used 67903K [0x00000000e0000000, 0x00000000ff700000, 0x0000000100000000)
  eden space 270848K, 0% used [0x00000000e0000000,0x00000000e0000000,0x00000000f0880000)
  from space 110080K, 61% used [0x00000000f0880000,0x00000000f4acfe90,0x00000000f7400000)
  to   space 115712K, 0% used [0x00000000f8600000,0x00000000f8600000,0x00000000ff700000)
 ParOldGen       total 579072K, used 342748K [0x00000000a0000000, 0x00000000c3580000, 0x00000000e0000000)
  object space 579072K, 59% used [0x00000000a0000000,0x00000000b4eb70a0,0x00000000c3580000)
 Metaspace       used 193361K, capacity 200593K, committed 202792K, reserved 1226752K
  class space    used 23222K, capacity 24600K, committed 25128K, reserved 1048576K
}
Event: 14673.876 GC heap before
{Heap before GC invocations=213 (full 15):
 PSYoungGen      total 380928K, used 338751K [0x00000000e0000000, 0x00000000ff700000, 0x0000000100000000)
  eden space 270848K, 100% used [0x00000000e0000000,0x00000000f0880000,0x00000000f0880000)
  from space 110080K, 61% used [0x00000000f0880000,0x00000000f4acfe90,0x00000000f7400000)
  to   space 115712K, 0% used [0x00000000f8600000,0x00000000f8600000,0x00000000ff700000)
 ParOldGen       total 579072K, used 342748K [0x00000000a0000000, 0x00000000c3580000, 0x00000000e0000000)
  object space 579072K, 59% used [0x00000000a0000000,0x00000000b4eb70a0,0x00000000c3580000)
 Metaspace       used 199374K, capacity 206615K, committed 208424K, reserved 1232896K
  class space    used 23853K, capacity 25241K, committed 25640K, reserved 1048576K
Event: 14676.621 GC heap after
Heap after GC invocations=213 (full 15):
 PSYoungGen      total 366592K, used 113396K [0x00000000e0000000, 0x0000000100000000, 0x0000000100000000)
  eden space 250880K, 0% used [0x00000000e0000000,0x00000000e0000000,0x00000000ef500000)
  from space 115712K, 97% used [0x00000000f8600000,0x00000000ff4bd2e8,0x00000000ff700000)
  to   space 136704K, 0% used [0x00000000ef500000,0x00000000ef500000,0x00000000f7a80000)
 ParOldGen       total 579072K, used 342748K [0x00000000a0000000, 0x00000000c3580000, 0x00000000e0000000)
  object space 579072K, 59% used [0x00000000a0000000,0x00000000b4eb70a0,0x00000000c3580000)
 Metaspace       used 199374K, capacity 206615K, committed 208424K, reserved 1232896K
  class space    used 23853K, capacity 25241K, committed 25640K, reserved 1048576K
}
Event: 14682.356 GC heap before
{Heap before GC invocations=214 (full 15):
 PSYoungGen      total 366592K, used 364276K [0x00000000e0000000, 0x0000000100000000, 0x0000000100000000)
  eden space 250880K, 100% used [0x00000000e0000000,0x00000000ef500000,0x00000000ef500000)
  from space 115712K, 97% used [0x00000000f8600000,0x00000000ff4bd2e8,0x00000000ff700000)
  to   space 136704K, 0% used [0x00000000ef500000,0x00000000ef500000,0x00000000f7a80000)
 ParOldGen       total 579072K, used 342748K [0x00000000a0000000, 0x00000000c3580000, 0x00000000e0000000)
  object space 579072K, 59% used [0x00000000a0000000,0x00000000b4eb70a0,0x00000000c3580000)
 Metaspace       used 201049K, capacity 208313K, committed 210216K, reserved 1232896K
  class space    used 24050K, capacity 25440K, committed 25896K, reserved 1048576K
Event: 14685.987 GC heap after
Heap after GC invocations=214 (full 15):
 PSYoungGen      total 387584K, used 136675K [0x00000000e0000000, 0x0000000100000000, 0x0000000100000000)
  eden space 250880K, 0% used [0x00000000e0000000,0x00000000e0000000,0x00000000ef500000)
  from space 136704K, 99% used [0x00000000ef500000,0x00000000f7a78ce0,0x00000000f7a80000)
  to   space 136704K, 0% used [0x00000000f7a80000,0x00000000f7a80000,0x0000000100000000)
 ParOldGen       total 579072K, used 412867K [0x00000000a0000000, 0x00000000c3580000, 0x00000000e0000000)
  object space 579072K, 71% used [0x00000000a0000000,0x00000000b9330cf0,0x00000000c3580000)
 Metaspace       used 201049K, capacity 208313K, committed 210216K, reserved 1232896K
  class space    used 24050K, capacity 25440K, committed 25896K, reserved 1048576K
}
Event: 14688.168 GC heap before
{Heap before GC invocations=215 (full 15):
 PSYoungGen      total 387584K, used 387555K [0x00000000e0000000, 0x0000000100000000, 0x0000000100000000)
  eden space 250880K, 100% used [0x00000000e0000000,0x00000000ef500000,0x00000000ef500000)
  from space 136704K, 99% used [0x00000000ef500000,0x00000000f7a78ce0,0x00000000f7a80000)
  to   space 136704K, 0% used [0x00000000f7a80000,0x00000000f7a80000,0x0000000100000000)
 ParOldGen       total 579072K, used 412867K [0x00000000a0000000, 0x00000000c3580000, 0x00000000e0000000)
  object space 579072K, 71% used [0x00000000a0000000,0x00000000b9330cf0,0x00000000c3580000)
 Metaspace       used 201099K, capacity 208377K, committed 210216K, reserved 1232896K
  class space    used 24051K, capacity 25440K, committed 25896K, reserved 1048576K
Event: 14689.266 GC heap after
Heap after GC invocations=215 (full 15):
 PSYoungGen      total 311808K, used 136691K [0x00000000e0000000, 0x0000000100000000, 0x0000000100000000)
  eden space 175104K, 0% used [0x00000000e0000000,0x00000000e0000000,0x00000000eab00000)
  from space 136704K, 99% used [0x00000000f7a80000,0x00000000ffffce60,0x0000000100000000)
  to   space 174592K, 0% used [0x00000000eab00000,0x00000000eab00000,0x00000000f5580000)
 ParOldGen       total 579072K, used 462365K [0x00000000a0000000, 0x00000000c3580000, 0x00000000e0000000)
  object space 579072K, 79% used [0x00000000a0000000,0x00000000bc3877c8,0x00000000c3580000)
 Metaspace       used 201099K, capacity 208377K, committed 210216K, reserved 1232896K
  class space    used 24051K, capacity 25440K, committed 25896K, reserved 1048576K
}
Event: 14693.097 GC heap before
{Heap before GC invocations=216 (full 15):
 PSYoungGen      total 311808K, used 311795K [0x00000000e0000000, 0x0000000100000000, 0x0000000100000000)
  eden space 175104K, 100% used [0x00000000e0000000,0x00000000eab00000,0x00000000eab00000)
  from space 136704K, 99% used [0x00000000f7a80000,0x00000000ffffce60,0x0000000100000000)
  to   space 174592K, 0% used [0x00000000eab00000,0x00000000eab00000,0x00000000f5580000)
 ParOldGen       total 579072K, used 462365K [0x00000000a0000000, 0x00000000c3580000, 0x00000000e0000000)
  object space 579072K, 79% used [0x00000000a0000000,0x00000000bc3877c8,0x00000000c3580000)
 Metaspace       used 201099K, capacity 208377K, committed 210216K, reserved 1232896K
  class space    used 24051K, capacity 25440K, committed 25896K, reserved 1048576K
Event: 14693.593 GC heap after
Heap after GC invocations=216 (full 15):
 PSYoungGen      total 349696K, used 142630K [0x00000000e0000000, 0x0000000100000000, 0x0000000100000000)
  eden space 175104K, 0% used [0x00000000e0000000,0x00000000e0000000,0x00000000eab00000)
  from space 174592K, 81% used [0x00000000eab00000,0x00000000f3649bf8,0x00000000f5580000)
  to   space 174592K, 0% used [0x00000000f5580000,0x00000000f5580000,0x0000000100000000)
 ParOldGen       total 579072K, used 469300K [0x00000000a0000000, 0x00000000c3580000, 0x00000000e0000000)
  object space 579072K, 81% used [0x00000000a0000000,0x00000000bca4d1f8,0x00000000c3580000)
 Metaspace       used 201099K, capacity 208377K, committed 210216K, reserved 1232896K
  class space    used 24051K, capacity 25440K, committed 25896K, reserved 1048576K
}
Event: 14703.705 GC heap before
{Heap before GC invocations=217 (full 15):
 PSYoungGen      total 349696K, used 317734K [0x00000000e0000000, 0x0000000100000000, 0x0000000100000000)
  eden space 175104K, 100% used [0x00000000e0000000,0x00000000eab00000,0x00000000eab00000)
  from space 174592K, 81% used [0x00000000eab00000,0x00000000f3649bf8,0x00000000f5580000)
  to   space 174592K, 0% used [0x00000000f5580000,0x00000000f5580000,0x0000000100000000)
 ParOldGen       total 579072K, used 469300K [0x00000000a0000000, 0x00000000c3580000, 0x00000000e0000000)
  object space 579072K, 81% used [0x00000000a0000000,0x00000000bca4d1f8,0x00000000c3580000)
 Metaspace       used 201108K, capacity 208441K, committed 210472K, reserved 1234944K
  class space    used 24051K, capacity 25440K, committed 25896K, reserved 1048576K

