# JRE version: OpenJDK Runtime Environment (8.0_202-b03) (build 1.8.0_202-release-1483-b03)
# Java VM: OpenJDK 64-Bit Server VM (25.202-b03 mixed mode windows-amd64 compressed oops)
Heap:
 PSYoungGen      total 349696K, used 15972K [0x00000000e0000000, 0x0000000100000000, 0x0000000100000000)
  eden space 175104K, 6% used [0x00000000e0000000,0x00000000e0bb5388,0x00000000eab00000)
  from space 174592K, 2% used [0x00000000eab00000,0x00000000eaee4020,0x00000000f5580000)
  to   space 174592K, 0% used [0x00000000f5580000,0x00000000f5580000,0x0000000100000000)
 ParOldGen       total 488448K, used 338942K [0x00000000a0000000, 0x00000000bdd00000, 0x00000000e0000000)
  object space 488448K, 69% used [0x00000000a0000000,0x00000000b4affb80,0x00000000bdd00000)
 Metaspace       used 128167K, capacity 133577K, committed 142232K, reserved 1173504K
  class space    used 15406K, capacity 16406K, committed 18072K, reserved 1048576K
GC Heap History (10 events):
Event: 4185.773 GC heap before
{Heap before GC invocations=100 (full 11):
 PSYoungGen      total 349696K, used 186644K [0x00000000e0000000, 0x0000000100000000, 0x0000000100000000)
  eden space 175104K, 100% used [0x00000000e0000000,0x00000000eab00000,0x00000000eab00000)
  from space 174592K, 6% used [0x00000000f5580000,0x00000000f60c5170,0x0000000100000000)
  to   space 174592K, 0% used [0x00000000eab00000,0x00000000eab00000,0x00000000f5580000)
 ParOldGen       total 488448K, used 331886K [0x00000000a0000000, 0x00000000bdd00000, 0x00000000e0000000)
  object space 488448K, 67% used [0x00000000a0000000,0x00000000b441b910,0x00000000bdd00000)
 Metaspace       used 125859K, capacity 130007K, committed 140440K, reserved 1171456K
  class space    used 15111K, capacity 15945K, committed 17816K, reserved 1048576K
Event: 4185.844 GC heap after
Heap after GC invocations=100 (full 11):
 PSYoungGen      total 349696K, used 9027K [0x00000000e0000000, 0x0000000100000000, 0x0000000100000000)
  eden space 175104K, 0% used [0x00000000e0000000,0x00000000e0000000,0x00000000eab00000)
  from space 174592K, 5% used [0x00000000eab00000,0x00000000eb3d0f90,0x00000000f5580000)
  to   space 174592K, 0% used [0x00000000f5580000,0x00000000f5580000,0x0000000100000000)
 ParOldGen       total 488448K, used 332886K [0x00000000a0000000, 0x00000000bdd00000, 0x00000000e0000000)
  object space 488448K, 68% used [0x00000000a0000000,0x00000000b4515960,0x00000000bdd00000)
 Metaspace       used 125859K, capacity 130007K, committed 140440K, reserved 1171456K
  class space    used 15111K, capacity 15945K, committed 17816K, reserved 1048576K
}
Event: 4307.338 GC heap before
{Heap before GC invocations=101 (full 11):
 PSYoungGen      total 349696K, used 184131K [0x00000000e0000000, 0x0000000100000000, 0x0000000100000000)
  eden space 175104K, 100% used [0x00000000e0000000,0x00000000eab00000,0x00000000eab00000)
  from space 174592K, 5% used [0x00000000eab00000,0x00000000eb3d0f90,0x00000000f5580000)
  to   space 174592K, 0% used [0x00000000f5580000,0x00000000f5580000,0x0000000100000000)
 ParOldGen       total 488448K, used 332886K [0x00000000a0000000, 0x00000000bdd00000, 0x00000000e0000000)
  object space 488448K, 68% used [0x00000000a0000000,0x00000000b4515960,0x00000000bdd00000)
 Metaspace       used 126912K, capacity 131773K, committed 141336K, reserved 1173504K
  class space    used 15263K, capacity 16184K, committed 17944K, reserved 1048576K
Event: 4308.259 GC heap after
Heap after GC invocations=101 (full 11):
 PSYoungGen      total 349696K, used 6596K [0x00000000e0000000, 0x0000000100000000, 0x0000000100000000)
  eden space 175104K, 0% used [0x00000000e0000000,0x00000000e0000000,0x00000000eab00000)
  from space 174592K, 3% used [0x00000000f5580000,0x00000000f5bf1348,0x0000000100000000)
  to   space 174592K, 0% used [0x00000000eab00000,0x00000000eab00000,0x00000000f5580000)
 ParOldGen       total 488448K, used 334678K [0x00000000a0000000, 0x00000000bdd00000, 0x00000000e0000000)
  object space 488448K, 68% used [0x00000000a0000000,0x00000000b46d5af0,0x00000000bdd00000)
 Metaspace       used 126912K, capacity 131773K, committed 141336K, reserved 1173504K
  class space    used 15263K, capacity 16184K, committed 17944K, reserved 1048576K
}
Event: 4365.019 GC heap before
{Heap before GC invocations=102 (full 11):
 PSYoungGen      total 349696K, used 181700K [0x00000000e0000000, 0x0000000100000000, 0x0000000100000000)
  eden space 175104K, 100% used [0x00000000e0000000,0x00000000eab00000,0x00000000eab00000)
  from space 174592K, 3% used [0x00000000f5580000,0x00000000f5bf1348,0x0000000100000000)
  to   space 174592K, 0% used [0x00000000eab00000,0x00000000eab00000,0x00000000f5580000)
 ParOldGen       total 488448K, used 334678K [0x00000000a0000000, 0x00000000bdd00000, 0x00000000e0000000)
  object space 488448K, 68% used [0x00000000a0000000,0x00000000b46d5af0,0x00000000bdd00000)
 Metaspace       used 127616K, capacity 132795K, committed 141976K, reserved 1173504K
  class space    used 15344K, capacity 16314K, committed 18072K, reserved 1048576K
Event: 4365.139 GC heap after
Heap after GC invocations=102 (full 11):
 PSYoungGen      total 349696K, used 4336K [0x00000000e0000000, 0x0000000100000000, 0x0000000100000000)
  eden space 175104K, 0% used [0x00000000e0000000,0x00000000e0000000,0x00000000eab00000)
  from space 174592K, 2% used [0x00000000eab00000,0x00000000eaf3c010,0x00000000f5580000)
  to   space 174592K, 0% used [0x00000000f5580000,0x00000000f5580000,0x0000000100000000)
 ParOldGen       total 488448K, used 336590K [0x00000000a0000000, 0x00000000bdd00000, 0x00000000e0000000)
  object space 488448K, 68% used [0x00000000a0000000,0x00000000b48b3b30,0x00000000bdd00000)
 Metaspace       used 127616K, capacity 132795K, committed 141976K, reserved 1173504K
  class space    used 15344K, capacity 16314K, committed 18072K, reserved 1048576K
}
Event: 4424.037 GC heap before
{Heap before GC invocations=103 (full 11):
 PSYoungGen      total 349696K, used 179440K [0x00000000e0000000, 0x0000000100000000, 0x0000000100000000)
  eden space 175104K, 100% used [0x00000000e0000000,0x00000000eab00000,0x00000000eab00000)
  from space 174592K, 2% used [0x00000000eab00000,0x00000000eaf3c010,0x00000000f5580000)
  to   space 174592K, 0% used [0x00000000f5580000,0x00000000f5580000,0x0000000100000000)
 ParOldGen       total 488448K, used 336590K [0x00000000a0000000, 0x00000000bdd00000, 0x00000000e0000000)
  object space 488448K, 68% used [0x00000000a0000000,0x00000000b48b3b30,0x00000000bdd00000)
 Metaspace       used 127915K, capacity 133303K, committed 142232K, reserved 1173504K
  class space    used 15377K, capacity 16359K, committed 18072K, reserved 1048576K
Event: 4424.078 GC heap after
Heap after GC invocations=103 (full 11):
 PSYoungGen      total 349696K, used 4672K [0x00000000e0000000, 0x0000000100000000, 0x0000000100000000)
  eden space 175104K, 0% used [0x00000000e0000000,0x00000000e0000000,0x00000000eab00000)
  from space 174592K, 2% used [0x00000000f5580000,0x00000000f5a10000,0x0000000100000000)
  to   space 174592K, 0% used [0x00000000eab00000,0x00000000eab00000,0x00000000f5580000)
 ParOldGen       total 488448K, used 338034K [0x00000000a0000000, 0x00000000bdd00000, 0x00000000e0000000)
  object space 488448K, 69% used [0x00000000a0000000,0x00000000b4a1cb60,0x00000000bdd00000)
 Metaspace       used 127915K, capacity 133303K, committed 142232K, reserved 1173504K
  class space    used 15377K, capacity 16359K, committed 18072K, reserved 1048576K
}
Event: 7909.772 GC heap before
{Heap before GC invocations=104 (full 11):
 PSYoungGen      total 349696K, used 179776K [0x00000000e0000000, 0x0000000100000000, 0x0000000100000000)
  eden space 175104K, 100% used [0x00000000e0000000,0x00000000eab00000,0x00000000eab00000)
  from space 174592K, 2% used [0x00000000f5580000,0x00000000f5a10000,0x0000000100000000)
  to   space 174592K, 0% used [0x00000000eab00000,0x00000000eab00000,0x00000000f5580000)
 ParOldGen       total 488448K, used 338034K [0x00000000a0000000, 0x00000000bdd00000, 0x00000000e0000000)
  object space 488448K, 69% used [0x00000000a0000000,0x00000000b4a1cb60,0x00000000bdd00000)
 Metaspace       used 128164K, capacity 133577K, committed 142232K, reserved 1173504K
  class space    used 15406K, capacity 16406K, committed 18072K, reserved 1048576K
Event: 7911.085 GC heap after
Heap after GC invocations=104 (full 11):
 PSYoungGen      total 349696K, used 3984K [0x00000000e0000000, 0x0000000100000000, 0x0000000100000000)
  eden space 175104K, 0% used [0x00000000e0000000,0x00000000e0000000,0x00000000eab00000)
  from space 174592K, 2% used [0x00000000eab00000,0x00000000eaee4020,0x00000000f5580000)
  to   space 174592K, 0% used [0x00000000f5580000,0x00000000f5580000,0x0000000100000000)
 ParOldGen       total 488448K, used 338942K [0x00000000a0000000, 0x00000000bdd00000, 0x00000000e0000000)
  object space 488448K, 69% used [0x00000000a0000000,0x00000000b4affb80,0x00000000bdd00000)
 Metaspace       used 128164K, capacity 133577K, committed 142232K, reserved 1173504K
  class space    used 15406K, capacity 16406K, committed 18072K, reserved 1048576K
}

