# JRE version: Java(TM) SE Runtime Environment (8.0_131-b11) (build 1.8.0_131-b11)
# Java VM: Java HotSpot(TM) 64-Bit Server VM (25.131-b11 mixed mode windows-amd64 compressed oops)
Heap:
 PSYoungGen      total 344576K, used 270960K [0x00000000e0000000, 0x0000000100000000, 0x0000000100000000)
  eden space 193024K, 100% used [0x00000000e0000000,0x00000000ebc80000,0x00000000ebc80000)
  from space 151552K, 51% used [0x00000000ebc80000,0x00000000f089c258,0x00000000f5080000)
  to   space 154112K, 6% used [0x00000000f6980000,0x00000000f73a8830,0x0000000100000000)
 ParOldGen       total 506880K, used 302624K [0x00000000a0000000, 0x00000000bef00000, 0x00000000e0000000)
  object space 506880K, 59% used [0x00000000a0000000,0x00000000b2788008,0x00000000bef00000)
 Metaspace       used 161070K, capacity 166914K, committed 168152K, reserved 1196032K
  class space    used 19719K, capacity 20855K, committed 21976K, reserved 1048576K
GC Heap History (10 events):
Event: 5387.527 GC heap after
Heap after GC invocations=120 (full 17):
 PSYoungGen      total 205312K, used 29696K [0x00000000e0000000, 0x00000000ff200000, 0x0000000100000000)
  eden space 175104K, 0% used [0x00000000e0000000,0x00000000e0000000,0x00000000eab00000)
  from space 30208K, 98% used [0x00000000eab00000,0x00000000ec8003d8,0x00000000ec880000)
  to   space 165888K, 0% used [0x00000000f5000000,0x00000000f5000000,0x00000000ff200000)
 ParOldGen       total 506880K, used 290351K [0x00000000a0000000, 0x00000000bef00000, 0x00000000e0000000)
  object space 506880K, 57% used [0x00000000a0000000,0x00000000b1b8bea0,0x00000000bef00000)
 Metaspace       used 153277K, capacity 158978K, committed 161240K, reserved 1187840K
  class space    used 18873K, capacity 19979K, committed 21976K, reserved 1048576K
}
Event: 11902.653 GC heap before
{Heap before GC invocations=121 (full 17):
 PSYoungGen      total 205312K, used 204800K [0x00000000e0000000, 0x00000000ff200000, 0x0000000100000000)
  eden space 175104K, 100% used [0x00000000e0000000,0x00000000eab00000,0x00000000eab00000)
  from space 30208K, 98% used [0x00000000eab00000,0x00000000ec8003d8,0x00000000ec880000)
  to   space 165888K, 0% used [0x00000000f5000000,0x00000000f5000000,0x00000000ff200000)
 ParOldGen       total 506880K, used 290351K [0x00000000a0000000, 0x00000000bef00000, 0x00000000e0000000)
  object space 506880K, 57% used [0x00000000a0000000,0x00000000b1b8bea0,0x00000000bef00000)
 Metaspace       used 153293K, capacity 158978K, committed 161240K, reserved 1187840K
  class space    used 18873K, capacity 19979K, committed 21976K, reserved 1048576K
Event: 11902.822 GC heap after
Heap after GC invocations=121 (full 17):
 PSYoungGen      total 346624K, used 1776K [0x00000000e0000000, 0x00000000ff980000, 0x0000000100000000)
  eden space 180736K, 0% used [0x00000000e0000000,0x00000000e0000000,0x00000000eb080000)
  from space 165888K, 1% used [0x00000000f5000000,0x00000000f51bc010,0x00000000ff200000)
  to   space 163328K, 0% used [0x00000000eb080000,0x00000000eb080000,0x00000000f5000000)
 ParOldGen       total 506880K, used 295126K [0x00000000a0000000, 0x00000000bef00000, 0x00000000e0000000)
  object space 506880K, 58% used [0x00000000a0000000,0x00000000b2035848,0x00000000bef00000)
 Metaspace       used 153293K, capacity 158978K, committed 161240K, reserved 1187840K
  class space    used 18873K, capacity 19979K, committed 21976K, reserved 1048576K
}
Event: 13090.635 GC heap before
{Heap before GC invocations=122 (full 17):
 PSYoungGen      total 346624K, used 182512K [0x00000000e0000000, 0x00000000ff980000, 0x0000000100000000)
  eden space 180736K, 100% used [0x00000000e0000000,0x00000000eb080000,0x00000000eb080000)
  from space 165888K, 1% used [0x00000000f5000000,0x00000000f51bc010,0x00000000ff200000)
  to   space 163328K, 0% used [0x00000000eb080000,0x00000000eb080000,0x00000000f5000000)
 ParOldGen       total 506880K, used 295126K [0x00000000a0000000, 0x00000000bef00000, 0x00000000e0000000)
  object space 506880K, 58% used [0x00000000a0000000,0x00000000b2035848,0x00000000bef00000)
 Metaspace       used 153366K, capacity 159118K, committed 161240K, reserved 1187840K
  class space    used 18874K, capacity 19981K, committed 21976K, reserved 1048576K
Event: 13090.846 GC heap after
Heap after GC invocations=122 (full 17):
 PSYoungGen      total 344064K, used 12294K [0x00000000e0000000, 0x00000000ff200000, 0x0000000100000000)
  eden space 180736K, 0% used [0x00000000e0000000,0x00000000e0000000,0x00000000eb080000)
  from space 163328K, 7% used [0x00000000eb080000,0x00000000ebc81b98,0x00000000f5000000)
  to   space 157696K, 0% used [0x00000000f5800000,0x00000000f5800000,0x00000000ff200000)
 ParOldGen       total 506880K, used 295126K [0x00000000a0000000, 0x00000000bef00000, 0x00000000e0000000)
  object space 506880K, 58% used [0x00000000a0000000,0x00000000b2035848,0x00000000bef00000)
 Metaspace       used 153366K, capacity 159118K, committed 161240K, reserved 1187840K
  class space    used 18874K, capacity 19981K, committed 21976K, reserved 1048576K
}
Event: 13143.148 GC heap before
{Heap before GC invocations=123 (full 17):
 PSYoungGen      total 344064K, used 193030K [0x00000000e0000000, 0x00000000ff200000, 0x0000000100000000)
  eden space 180736K, 100% used [0x00000000e0000000,0x00000000eb080000,0x00000000eb080000)
  from space 163328K, 7% used [0x00000000eb080000,0x00000000ebc81b98,0x00000000f5000000)
  to   space 157696K, 0% used [0x00000000f5800000,0x00000000f5800000,0x00000000ff200000)
 ParOldGen       total 506880K, used 295126K [0x00000000a0000000, 0x00000000bef00000, 0x00000000e0000000)
  object space 506880K, 58% used [0x00000000a0000000,0x00000000b2035848,0x00000000bef00000)
 Metaspace       used 153786K, capacity 159546K, committed 161752K, reserved 1189888K
  class space    used 18912K, capacity 20021K, committed 21976K, reserved 1048576K
Event: 13143.781 GC heap after
Heap after GC invocations=123 (full 17):
 PSYoungGen      total 336896K, used 14020K [0x00000000e0000000, 0x00000000fe480000, 0x0000000100000000)
  eden space 193024K, 0% used [0x00000000e0000000,0x00000000e0000000,0x00000000ebc80000)
  from space 143872K, 9% used [0x00000000f5800000,0x00000000f65b1240,0x00000000fe480000)
  to   space 151552K, 0% used [0x00000000ebc80000,0x00000000ebc80000,0x00000000f5080000)
 ParOldGen       total 506880K, used 295126K [0x00000000a0000000, 0x00000000bef00000, 0x00000000e0000000)
  object space 506880K, 58% used [0x00000000a0000000,0x00000000b2035848,0x00000000bef00000)
 Metaspace       used 153786K, capacity 159546K, committed 161752K, reserved 1189888K
  class space    used 18912K, capacity 20021K, committed 21976K, reserved 1048576K
}
Event: 13146.024 GC heap before
{Heap before GC invocations=124 (full 17):
 PSYoungGen      total 336896K, used 207044K [0x00000000e0000000, 0x00000000fe480000, 0x0000000100000000)
  eden space 193024K, 100% used [0x00000000e0000000,0x00000000ebc80000,0x00000000ebc80000)
  from space 143872K, 9% used [0x00000000f5800000,0x00000000f65b1240,0x00000000fe480000)
  to   space 151552K, 0% used [0x00000000ebc80000,0x00000000ebc80000,0x00000000f5080000)
 ParOldGen       total 506880K, used 295126K [0x00000000a0000000, 0x00000000bef00000, 0x00000000e0000000)
  object space 506880K, 58% used [0x00000000a0000000,0x00000000b2035848,0x00000000bef00000)
 Metaspace       used 153786K, capacity 159546K, committed 161752K, reserved 1189888K
  class space    used 18912K, capacity 20021K, committed 21976K, reserved 1048576K
Event: 13148.289 GC heap after
Heap after GC invocations=124 (full 17):
 PSYoungGen      total 344576K, used 77936K [0x00000000e0000000, 0x0000000100000000, 0x0000000100000000)
  eden space 193024K, 0% used [0x00000000e0000000,0x00000000e0000000,0x00000000ebc80000)
  from space 151552K, 51% used [0x00000000ebc80000,0x00000000f089c258,0x00000000f5080000)
  to   space 154112K, 0% used [0x00000000f6980000,0x00000000f6980000,0x0000000100000000)
 ParOldGen       total 506880K, used 295126K [0x00000000a0000000, 0x00000000bef00000, 0x00000000e0000000)
  object space 506880K, 58% used [0x00000000a0000000,0x00000000b2035848,0x00000000bef00000)
 Metaspace       used 153786K, capacity 159546K, committed 161752K, reserved 1189888K
  class space    used 18912K, capacity 20021K, committed 21976K, reserved 1048576K
}
Event: 13160.075 GC heap before
{Heap before GC invocations=125 (full 17):
 PSYoungGen      total 344576K, used 270960K [0x00000000e0000000, 0x0000000100000000, 0x0000000100000000)
  eden space 193024K, 100% used [0x00000000e0000000,0x00000000ebc80000,0x00000000ebc80000)
  from space 151552K, 51% used [0x00000000ebc80000,0x00000000f089c258,0x00000000f5080000)
  to   space 154112K, 0% used [0x00000000f6980000,0x00000000f6980000,0x0000000100000000)
 ParOldGen       total 506880K, used 295126K [0x00000000a0000000, 0x00000000bef00000, 0x00000000e0000000)
  object space 506880K, 58% used [0x00000000a0000000,0x00000000b2035848,0x00000000bef00000)
 Metaspace       used 161070K, capacity 166914K, committed 168152K, reserved 1196032K
  class space    used 19719K, capacity 20855K, committed 21976K, reserved 1048576K

