# JRE version: OpenJDK Runtime Environment (8.0_212) (build 1.8.0_212-release-1586-b4-5784211)
# Java VM: OpenJDK 64-Bit Server VM (25.212-b4-5784211 mixed mode linux-amd64 compressed oops)
Heap:
 PSYoungGen      total 423424K, used 24968K [0x00000000e0000000, 0x0000000100000000, 0x0000000100000000)
  eden space 322560K, 0% used [0x00000000e0000000,0x00000000e0000000,0x00000000f3b00000)
  from space 100864K, 24% used [0x00000000f3b00000,0x00000000f5362370,0x00000000f9d80000)
  to   space 100864K, 0% used [0x00000000f9d80000,0x00000000f9d80000,0x0000000100000000)
 ParOldGen       total 275456K, used 275215K [0x00000000a0000000, 0x00000000b0d00000, 0x00000000e0000000)
  object space 275456K, 99% used [0x00000000a0000000,0x00000000b0cc3c18,0x00000000b0d00000)
 Metaspace       used 105382K, capacity 107918K, committed 109568K, reserved 1144832K
  class space    used 12858K, capacity 13483K, committed 13824K, reserved 1048576K
GC Heap History (10 events):
Event: 2973.920 GC heap after
Heap after GC invocations=41 (full 5):
 PSYoungGen      total 413184K, used 46585K [0x00000000e0000000, 0x0000000100000000, 0x0000000100000000)
  eden space 366592K, 0% used [0x00000000e0000000,0x00000000e0000000,0x00000000f6600000)
  from space 46592K, 99% used [0x00000000fd280000,0x00000000ffffe768,0x0000000100000000)
  to   space 78848K, 0% used [0x00000000f6600000,0x00000000f6600000,0x00000000fb300000)
 ParOldGen       total 138752K, used 125510K [0x00000000a0000000, 0x00000000a8780000, 0x00000000e0000000)
  object space 138752K, 90% used [0x00000000a0000000,0x00000000a7a91a10,0x00000000a8780000)
 Metaspace       used 94947K, capacity 97530K, committed 99072K, reserved 1136640K
  class space    used 11789K, capacity 12415K, committed 12800K, reserved 1048576K
}
Event: 2973.929 GC heap before
{Heap before GC invocations=42 (full 6):
 PSYoungGen      total 413184K, used 46585K [0x00000000e0000000, 0x0000000100000000, 0x0000000100000000)
  eden space 366592K, 0% used [0x00000000e0000000,0x00000000e0000000,0x00000000f6600000)
  from space 46592K, 99% used [0x00000000fd280000,0x00000000ffffe768,0x0000000100000000)
  to   space 78848K, 0% used [0x00000000f6600000,0x00000000f6600000,0x00000000fb300000)
 ParOldGen       total 138752K, used 125510K [0x00000000a0000000, 0x00000000a8780000, 0x00000000e0000000)
  object space 138752K, 90% used [0x00000000a0000000,0x00000000a7a91a10,0x00000000a8780000)
 Metaspace       used 94947K, capacity 97530K, committed 99072K, reserved 1136640K
  class space    used 11789K, capacity 12415K, committed 12800K, reserved 1048576K
Event: 2975.821 GC heap after
Heap after GC invocations=42 (full 6):
 PSYoungGen      total 413184K, used 26740K [0x00000000e0000000, 0x0000000100000000, 0x0000000100000000)
  eden space 366592K, 0% used [0x00000000e0000000,0x00000000e0000000,0x00000000f6600000)
  from space 46592K, 57% used [0x00000000fd280000,0x00000000fec9d2b0,0x0000000100000000)
  to   space 78848K, 0% used [0x00000000f6600000,0x00000000f6600000,0x00000000fb300000)
 ParOldGen       total 248832K, used 138630K [0x00000000a0000000, 0x00000000af300000, 0x00000000e0000000)
  object space 248832K, 55% used [0x00000000a0000000,0x00000000a8761a90,0x00000000af300000)
 Metaspace       used 94947K, capacity 97530K, committed 99072K, reserved 1136640K
  class space    used 11789K, capacity 12415K, committed 12800K, reserved 1048576K
}
Event: 3001.054 GC heap before
{Heap before GC invocations=43 (full 6):
 PSYoungGen      total 413184K, used 393332K [0x00000000e0000000, 0x0000000100000000, 0x0000000100000000)
  eden space 366592K, 100% used [0x00000000e0000000,0x00000000f6600000,0x00000000f6600000)
  from space 46592K, 57% used [0x00000000fd280000,0x00000000fec9d2b0,0x0000000100000000)
  to   space 78848K, 0% used [0x00000000f6600000,0x00000000f6600000,0x00000000fb300000)
 ParOldGen       total 248832K, used 138630K [0x00000000a0000000, 0x00000000af300000, 0x00000000e0000000)
  object space 248832K, 55% used [0x00000000a0000000,0x00000000a8761a90,0x00000000af300000)
 Metaspace       used 101814K, capacity 104448K, committed 106112K, reserved 1142784K
  class space    used 12468K, capacity 13120K, committed 13440K, reserved 1048576K
Event: 3001.510 GC heap after
Heap after GC invocations=43 (full 6):
 PSYoungGen      total 413696K, used 46986K [0x00000000e0000000, 0x0000000100000000, 0x0000000100000000)
  eden space 366592K, 0% used [0x00000000e0000000,0x00000000e0000000,0x00000000f6600000)
  from space 47104K, 99% used [0x00000000f6600000,0x00000000f93e2910,0x00000000f9400000)
  to   space 81408K, 0% used [0x00000000fb080000,0x00000000fb080000,0x0000000100000000)
 ParOldGen       total 248832K, used 165342K [0x00000000a0000000, 0x00000000af300000, 0x00000000e0000000)
  object space 248832K, 66% used [0x00000000a0000000,0x00000000aa177958,0x00000000af300000)
 Metaspace       used 101814K, capacity 104448K, committed 106112K, reserved 1142784K
  class space    used 12468K, capacity 13120K, committed 13440K, reserved 1048576K
}
Event: 3011.211 GC heap before
{Heap before GC invocations=44 (full 6):
 PSYoungGen      total 413696K, used 413578K [0x00000000e0000000, 0x0000000100000000, 0x0000000100000000)
  eden space 366592K, 100% used [0x00000000e0000000,0x00000000f6600000,0x00000000f6600000)
  from space 47104K, 99% used [0x00000000f6600000,0x00000000f93e2910,0x00000000f9400000)
  to   space 81408K, 0% used [0x00000000fb080000,0x00000000fb080000,0x0000000100000000)
 ParOldGen       total 248832K, used 165342K [0x00000000a0000000, 0x00000000af300000, 0x00000000e0000000)
  object space 248832K, 66% used [0x00000000a0000000,0x00000000aa177958,0x00000000af300000)
 Metaspace       used 104929K, capacity 107464K, committed 109056K, reserved 1144832K
  class space    used 12818K, capacity 13442K, committed 13824K, reserved 1048576K
Event: 3011.453 GC heap after
Heap after GC invocations=44 (full 6):
 PSYoungGen      total 403968K, used 81384K [0x00000000e0000000, 0x0000000100000000, 0x0000000100000000)
  eden space 322560K, 0% used [0x00000000e0000000,0x00000000e0000000,0x00000000f3b00000)
  from space 81408K, 99% used [0x00000000fb080000,0x00000000ffffa3f8,0x0000000100000000)
  to   space 100864K, 0% used [0x00000000f3b00000,0x00000000f3b00000,0x00000000f9d80000)
 ParOldGen       total 248832K, used 178432K [0x00000000a0000000, 0x00000000af300000, 0x00000000e0000000)
  object space 248832K, 71% used [0x00000000a0000000,0x00000000aae40348,0x00000000af300000)
 Metaspace       used 104929K, capacity 107464K, committed 109056K, reserved 1144832K
  class space    used 12818K, capacity 13442K, committed 13824K, reserved 1048576K
}
Event: 3021.825 GC heap before
{Heap before GC invocations=45 (full 6):
 PSYoungGen      total 403968K, used 403944K [0x00000000e0000000, 0x0000000100000000, 0x0000000100000000)
  eden space 322560K, 100% used [0x00000000e0000000,0x00000000f3b00000,0x00000000f3b00000)
  from space 81408K, 99% used [0x00000000fb080000,0x00000000ffffa3f8,0x0000000100000000)
  to   space 100864K, 0% used [0x00000000f3b00000,0x00000000f3b00000,0x00000000f9d80000)
 ParOldGen       total 248832K, used 178432K [0x00000000a0000000, 0x00000000af300000, 0x00000000e0000000)
  object space 248832K, 71% used [0x00000000a0000000,0x00000000aae40348,0x00000000af300000)
 Metaspace       used 105382K, capacity 107918K, committed 109568K, reserved 1144832K
  class space    used 12858K, capacity 13483K, committed 13824K, reserved 1048576K
Event: 3023.464 GC heap after
Heap after GC invocations=45 (full 6):
 PSYoungGen      total 423424K, used 100854K [0x00000000e0000000, 0x0000000100000000, 0x0000000100000000)
  eden space 322560K, 0% used [0x00000000e0000000,0x00000000e0000000,0x00000000f3b00000)
  from space 100864K, 99% used [0x00000000f3b00000,0x00000000f9d7da60,0x00000000f9d80000)
  to   space 100864K, 0% used [0x00000000f9d80000,0x00000000f9d80000,0x0000000100000000)
 ParOldGen       total 275456K, used 274919K [0x00000000a0000000, 0x00000000b0d00000, 0x00000000e0000000)
  object space 275456K, 99% used [0x00000000a0000000,0x00000000b0c79d30,0x00000000b0d00000)
 Metaspace       used 105382K, capacity 107918K, committed 109568K, reserved 1144832K
  class space    used 12858K, capacity 13483K, committed 13824K, reserved 1048576K
}
Event: 3023.740 GC heap before
{Heap before GC invocations=46 (full 7):
 PSYoungGen      total 423424K, used 100854K [0x00000000e0000000, 0x0000000100000000, 0x0000000100000000)
  eden space 322560K, 0% used [0x00000000e0000000,0x00000000e0000000,0x00000000f3b00000)
  from space 100864K, 99% used [0x00000000f3b00000,0x00000000f9d7da60,0x00000000f9d80000)
  to   space 100864K, 0% used [0x00000000f9d80000,0x00000000f9d80000,0x0000000100000000)
 ParOldGen       total 275456K, used 274919K [0x00000000a0000000, 0x00000000b0d00000, 0x00000000e0000000)
  object space 275456K, 99% used [0x00000000a0000000,0x00000000b0c79d30,0x00000000b0d00000)
 Metaspace       used 105382K, capacity 107918K, committed 109568K, reserved 1144832K
  class space    used 12858K, capacity 13483K, committed 13824K, reserved 1048576K

