# JRE version: OpenJDK Runtime Environment (8.0_202-b03) (build 1.8.0_202-release-1483-b03)
# Java VM: OpenJDK 64-Bit Server VM (25.202-b03 mixed mode windows-amd64 compressed oops)
Heap:
 PSYoungGen      total 399360K, used 31717K [0x00000000e0000000, 0x0000000100000000, 0x0000000100000000)
  eden space 291328K, 8% used [0x00000000e0000000,0x00000000e17cc490,0x00000000f1c80000)
  from space 108032K, 6% used [0x00000000f1c80000,0x00000000f23ad178,0x00000000f8600000)
  to   space 107008K, 0% used [0x00000000f9780000,0x00000000f9780000,0x0000000100000000)
 ParOldGen       total 407040K, used 273221K [0x00000000a0000000, 0x00000000b8d80000, 0x00000000e0000000)
  object space 407040K, 67% used [0x00000000a0000000,0x00000000b0ad1540,0x00000000b8d80000)
 Metaspace       used 94609K, capacity 97256K, committed 98328K, reserved 1134592K
  class space    used 11697K, capacity 12342K, committed 12568K, reserved 1048576K
GC Heap History (10 events):
Event: 5125.679 GC heap before
{Heap before GC invocations=31 (full 5):
 PSYoungGen      total 346112K, used 251600K [0x00000000e0000000, 0x00000000fe200000, 0x0000000100000000)
  eden space 241664K, 100% used [0x00000000e0000000,0x00000000eec00000,0x00000000eec00000)
  from space 104448K, 9% used [0x00000000eec00000,0x00000000ef5b4310,0x00000000f5200000)
  to   space 101888K, 0% used [0x00000000f7e80000,0x00000000f7e80000,0x00000000fe200000)
 ParOldGen       total 265216K, used 151946K [0x00000000a0000000, 0x00000000b0300000, 0x00000000e0000000)
  object space 265216K, 57% used [0x00000000a0000000,0x00000000a9462a28,0x00000000b0300000)
 Metaspace       used 93498K, capacity 96202K, committed 97176K, reserved 1134592K
  class space    used 11620K, capacity 12273K, committed 12440K, reserved 1048576K
Event: 5126.063 GC heap after
Heap after GC invocations=31 (full 5):
 PSYoungGen      total 374784K, used 96662K [0x00000000e0000000, 0x0000000100000000, 0x0000000100000000)
  eden space 272896K, 0% used [0x00000000e0000000,0x00000000e0000000,0x00000000f0a80000)
  from space 101888K, 94% used [0x00000000f7e80000,0x00000000fdce5900,0x00000000fe200000)
  to   space 118784K, 0% used [0x00000000f0a80000,0x00000000f0a80000,0x00000000f7e80000)
 ParOldGen       total 265216K, used 155736K [0x00000000a0000000, 0x00000000b0300000, 0x00000000e0000000)
  object space 265216K, 58% used [0x00000000a0000000,0x00000000a9816178,0x00000000b0300000)
 Metaspace       used 93498K, capacity 96202K, committed 97176K, reserved 1134592K
  class space    used 11620K, capacity 12273K, committed 12440K, reserved 1048576K
}
Event: 5128.705 GC heap before
{Heap before GC invocations=32 (full 5):
 PSYoungGen      total 374784K, used 369558K [0x00000000e0000000, 0x0000000100000000, 0x0000000100000000)
  eden space 272896K, 100% used [0x00000000e0000000,0x00000000f0a80000,0x00000000f0a80000)
  from space 101888K, 94% used [0x00000000f7e80000,0x00000000fdce5900,0x00000000fe200000)
  to   space 118784K, 0% used [0x00000000f0a80000,0x00000000f0a80000,0x00000000f7e80000)
 ParOldGen       total 265216K, used 155736K [0x00000000a0000000, 0x00000000b0300000, 0x00000000e0000000)
  object space 265216K, 58% used [0x00000000a0000000,0x00000000a9816178,0x00000000b0300000)
 Metaspace       used 93570K, capacity 96266K, committed 97176K, reserved 1134592K
  class space    used 11622K, capacity 12273K, committed 12440K, reserved 1048576K
Event: 5129.031 GC heap after
Heap after GC invocations=32 (full 5):
 PSYoungGen      total 391680K, used 48442K [0x00000000e0000000, 0x0000000100000000, 0x0000000100000000)
  eden space 272896K, 0% used [0x00000000e0000000,0x00000000e0000000,0x00000000f0a80000)
  from space 118784K, 40% used [0x00000000f0a80000,0x00000000f39ce810,0x00000000f7e80000)
  to   space 114176K, 0% used [0x00000000f9080000,0x00000000f9080000,0x0000000100000000)
 ParOldGen       total 265216K, used 202054K [0x00000000a0000000, 0x00000000b0300000, 0x00000000e0000000)
  object space 265216K, 76% used [0x00000000a0000000,0x00000000ac551a70,0x00000000b0300000)
 Metaspace       used 93570K, capacity 96266K, committed 97176K, reserved 1134592K
  class space    used 11622K, capacity 12273K, committed 12440K, reserved 1048576K
}
Event: 5135.509 GC heap before
{Heap before GC invocations=33 (full 5):
 PSYoungGen      total 391680K, used 321338K [0x00000000e0000000, 0x0000000100000000, 0x0000000100000000)
  eden space 272896K, 100% used [0x00000000e0000000,0x00000000f0a80000,0x00000000f0a80000)
  from space 118784K, 40% used [0x00000000f0a80000,0x00000000f39ce810,0x00000000f7e80000)
  to   space 114176K, 0% used [0x00000000f9080000,0x00000000f9080000,0x0000000100000000)
 ParOldGen       total 265216K, used 202054K [0x00000000a0000000, 0x00000000b0300000, 0x00000000e0000000)
  object space 265216K, 76% used [0x00000000a0000000,0x00000000ac551a70,0x00000000b0300000)
 Metaspace       used 94367K, capacity 97034K, committed 98072K, reserved 1134592K
  class space    used 11690K, capacity 12337K, committed 12568K, reserved 1048576K
Event: 5135.867 GC heap after
Heap after GC invocations=33 (full 5):
 PSYoungGen      total 388608K, used 43762K [0x00000000e0000000, 0x00000000fef80000, 0x0000000100000000)
  eden space 291328K, 0% used [0x00000000e0000000,0x00000000e0000000,0x00000000f1c80000)
  from space 97280K, 44% used [0x00000000f9080000,0x00000000fbb3cbc8,0x00000000fef80000)
  to   space 108032K, 0% used [0x00000000f1c80000,0x00000000f1c80000,0x00000000f8600000)
 ParOldGen       total 265216K, used 249719K [0x00000000a0000000, 0x00000000b0300000, 0x00000000e0000000)
  object space 265216K, 94% used [0x00000000a0000000,0x00000000af3ddf00,0x00000000b0300000)
 Metaspace       used 94367K, capacity 97034K, committed 98072K, reserved 1134592K
  class space    used 11690K, capacity 12337K, committed 12568K, reserved 1048576K
}
Event: 5135.867 GC heap before
{Heap before GC invocations=34 (full 6):
 PSYoungGen      total 388608K, used 43762K [0x00000000e0000000, 0x00000000fef80000, 0x0000000100000000)
  eden space 291328K, 0% used [0x00000000e0000000,0x00000000e0000000,0x00000000f1c80000)
  from space 97280K, 44% used [0x00000000f9080000,0x00000000fbb3cbc8,0x00000000fef80000)
  to   space 108032K, 0% used [0x00000000f1c80000,0x00000000f1c80000,0x00000000f8600000)
 ParOldGen       total 265216K, used 249719K [0x00000000a0000000, 0x00000000b0300000, 0x00000000e0000000)
  object space 265216K, 94% used [0x00000000a0000000,0x00000000af3ddf00,0x00000000b0300000)
 Metaspace       used 94367K, capacity 97034K, committed 98072K, reserved 1134592K
  class space    used 11690K, capacity 12337K, committed 12568K, reserved 1048576K
Event: 5140.119 GC heap after
Heap after GC invocations=34 (full 6):
 PSYoungGen      total 388608K, used 7852K [0x00000000e0000000, 0x00000000fef80000, 0x0000000100000000)
  eden space 291328K, 0% used [0x00000000e0000000,0x00000000e0000000,0x00000000f1c80000)
  from space 97280K, 8% used [0x00000000f9080000,0x00000000f982b2d8,0x00000000fef80000)
  to   space 108032K, 0% used [0x00000000f1c80000,0x00000000f1c80000,0x00000000f8600000)
 ParOldGen       total 407040K, used 265063K [0x00000000a0000000, 0x00000000b8d80000, 0x00000000e0000000)
  object space 407040K, 65% used [0x00000000a0000000,0x00000000b02d9dc8,0x00000000b8d80000)
 Metaspace       used 94367K, capacity 97034K, committed 98072K, reserved 1134592K
  class space    used 11690K, capacity 12337K, committed 12568K, reserved 1048576K
}
Event: 5416.846 GC heap before
{Heap before GC invocations=35 (full 6):
 PSYoungGen      total 388608K, used 299180K [0x00000000e0000000, 0x00000000fef80000, 0x0000000100000000)
  eden space 291328K, 100% used [0x00000000e0000000,0x00000000f1c80000,0x00000000f1c80000)
  from space 97280K, 8% used [0x00000000f9080000,0x00000000f982b2d8,0x00000000fef80000)
  to   space 108032K, 0% used [0x00000000f1c80000,0x00000000f1c80000,0x00000000f8600000)
 ParOldGen       total 407040K, used 265063K [0x00000000a0000000, 0x00000000b8d80000, 0x00000000e0000000)
  object space 407040K, 65% used [0x00000000a0000000,0x00000000b02d9dc8,0x00000000b8d80000)
 Metaspace       used 94586K, capacity 97238K, committed 98328K, reserved 1134592K
  class space    used 11695K, capacity 12339K, committed 12568K, reserved 1048576K
Event: 5417.053 GC heap after
Heap after GC invocations=35 (full 6):
 PSYoungGen      total 399360K, used 7348K [0x00000000e0000000, 0x0000000100000000, 0x0000000100000000)
  eden space 291328K, 0% used [0x00000000e0000000,0x00000000e0000000,0x00000000f1c80000)
  from space 108032K, 6% used [0x00000000f1c80000,0x00000000f23ad178,0x00000000f8600000)
  to   space 107008K, 0% used [0x00000000f9780000,0x00000000f9780000,0x0000000100000000)
 ParOldGen       total 407040K, used 273221K [0x00000000a0000000, 0x00000000b8d80000, 0x00000000e0000000)
  object space 407040K, 67% used [0x00000000a0000000,0x00000000b0ad1540,0x00000000b8d80000)
 Metaspace       used 94586K, capacity 97238K, committed 98328K, reserved 1134592K
  class space    used 11695K, capacity 12339K, committed 12568K, reserved 1048576K
}

