# JRE version: Java(TM) SE Runtime Environment (8.0_131-b11) (build 1.8.0_131-b11)
# Java VM: Java HotSpot(TM) 64-Bit Server VM (25.131-b11 mixed mode windows-amd64 compressed oops)
Heap:
 PSYoungGen      total 349696K, used 176544K [0x00000000e0000000, 0x0000000100000000, 0x0000000100000000)
  eden space 175104K, 100% used [0x00000000e0000000,0x00000000eab00000,0x00000000eab00000)
  from space 174592K, 0% used [0x00000000f5580000,0x00000000f56e8010,0x0000000100000000)
  to   space 174592K, 3% used [0x00000000eab00000,0x00000000eb174020,0x00000000f5580000)
 ParOldGen       total 516096K, used 279309K [0x00000000a0000000, 0x00000000bf800000, 0x00000000e0000000)
  object space 516096K, 54% used [0x00000000a0000000,0x00000000b10c3600,0x00000000bf800000)
 Metaspace       used 131400K, capacity 135310K, committed 135512K, reserved 1167360K
  class space    used 16082K, capacity 16914K, committed 16984K, reserved 1048576K
GC Heap History (10 events):
Event: 3098.144 GC heap after
Heap after GC invocations=61 (full 8):
 PSYoungGen      total 349696K, used 102317K [0x00000000e0000000, 0x0000000100000000, 0x0000000100000000)
  eden space 175104K, 0% used [0x00000000e0000000,0x00000000e0000000,0x00000000eab00000)
  from space 174592K, 58% used [0x00000000eab00000,0x00000000f0eeb738,0x00000000f5580000)
  to   space 174592K, 0% used [0x00000000f5580000,0x00000000f5580000,0x0000000100000000)
 ParOldGen       total 488448K, used 363478K [0x00000000a0000000, 0x00000000bdd00000, 0x00000000e0000000)
  object space 488448K, 74% used [0x00000000a0000000,0x00000000b62f5b38,0x00000000bdd00000)
 Metaspace       used 131170K, capacity 135136K, committed 135256K, reserved 1167360K
  class space    used 16077K, capacity 16909K, committed 16984K, reserved 1048576K
}
Event: 3103.319 GC heap before
{Heap before GC invocations=62 (full 8):
 PSYoungGen      total 349696K, used 277421K [0x00000000e0000000, 0x0000000100000000, 0x0000000100000000)
  eden space 175104K, 100% used [0x00000000e0000000,0x00000000eab00000,0x00000000eab00000)
  from space 174592K, 58% used [0x00000000eab00000,0x00000000f0eeb738,0x00000000f5580000)
  to   space 174592K, 0% used [0x00000000f5580000,0x00000000f5580000,0x0000000100000000)
 ParOldGen       total 488448K, used 363478K [0x00000000a0000000, 0x00000000bdd00000, 0x00000000e0000000)
  object space 488448K, 74% used [0x00000000a0000000,0x00000000b62f5b38,0x00000000bdd00000)
 Metaspace       used 131189K, capacity 135136K, committed 135256K, reserved 1167360K
  class space    used 16077K, capacity 16909K, committed 16984K, reserved 1048576K
Event: 3103.657 GC heap after
Heap after GC invocations=62 (full 8):
 PSYoungGen      total 349696K, used 12483K [0x00000000e0000000, 0x0000000100000000, 0x0000000100000000)
  eden space 175104K, 0% used [0x00000000e0000000,0x00000000e0000000,0x00000000eab00000)
  from space 174592K, 7% used [0x00000000f5580000,0x00000000f61b0e60,0x0000000100000000)
  to   space 174592K, 0% used [0x00000000eab00000,0x00000000eab00000,0x00000000f5580000)
 ParOldGen       total 488448K, used 459279K [0x00000000a0000000, 0x00000000bdd00000, 0x00000000e0000000)
  object space 488448K, 94% used [0x00000000a0000000,0x00000000bc083e58,0x00000000bdd00000)
 Metaspace       used 131189K, capacity 135136K, committed 135256K, reserved 1167360K
  class space    used 16077K, capacity 16909K, committed 16984K, reserved 1048576K
}
Event: 3103.657 GC heap before
{Heap before GC invocations=63 (full 9):
 PSYoungGen      total 349696K, used 12483K [0x00000000e0000000, 0x0000000100000000, 0x0000000100000000)
  eden space 175104K, 0% used [0x00000000e0000000,0x00000000e0000000,0x00000000eab00000)
  from space 174592K, 7% used [0x00000000f5580000,0x00000000f61b0e60,0x0000000100000000)
  to   space 174592K, 0% used [0x00000000eab00000,0x00000000eab00000,0x00000000f5580000)
 ParOldGen       total 488448K, used 459279K [0x00000000a0000000, 0x00000000bdd00000, 0x00000000e0000000)
  object space 488448K, 94% used [0x00000000a0000000,0x00000000bc083e58,0x00000000bdd00000)
 Metaspace       used 131189K, capacity 135136K, committed 135256K, reserved 1167360K
  class space    used 16077K, capacity 16909K, committed 16984K, reserved 1048576K
Event: 3107.745 GC heap after
Heap after GC invocations=63 (full 9):
 PSYoungGen      total 349696K, used 0K [0x00000000e0000000, 0x0000000100000000, 0x0000000100000000)
  eden space 175104K, 0% used [0x00000000e0000000,0x00000000e0000000,0x00000000eab00000)
  from space 174592K, 0% used [0x00000000f5580000,0x00000000f5580000,0x0000000100000000)
  to   space 174592K, 0% used [0x00000000eab00000,0x00000000eab00000,0x00000000f5580000)
 ParOldGen       total 516096K, used 270958K [0x00000000a0000000, 0x00000000bf800000, 0x00000000e0000000)
  object space 516096K, 52% used [0x00000000a0000000,0x00000000b089b910,0x00000000bf800000)
 Metaspace       used 131186K, capacity 135130K, committed 135256K, reserved 1167360K
  class space    used 16076K, capacity 16908K, committed 16984K, reserved 1048576K
}
Event: 3134.709 GC heap before
{Heap before GC invocations=64 (full 9):
 PSYoungGen      total 349696K, used 175104K [0x00000000e0000000, 0x0000000100000000, 0x0000000100000000)
  eden space 175104K, 100% used [0x00000000e0000000,0x00000000eab00000,0x00000000eab00000)
  from space 174592K, 0% used [0x00000000f5580000,0x00000000f5580000,0x0000000100000000)
  to   space 174592K, 0% used [0x00000000eab00000,0x00000000eab00000,0x00000000f5580000)
 ParOldGen       total 516096K, used 270958K [0x00000000a0000000, 0x00000000bf800000, 0x00000000e0000000)
  object space 516096K, 52% used [0x00000000a0000000,0x00000000b089b910,0x00000000bf800000)
 Metaspace       used 131219K, capacity 135144K, committed 135256K, reserved 1167360K
  class space    used 16079K, capacity 16909K, committed 16984K, reserved 1048576K
Event: 3134.796 GC heap after
Heap after GC invocations=64 (full 9):
 PSYoungGen      total 349696K, used 19240K [0x00000000e0000000, 0x0000000100000000, 0x0000000100000000)
  eden space 175104K, 0% used [0x00000000e0000000,0x00000000e0000000,0x00000000eab00000)
  from space 174592K, 11% used [0x00000000eab00000,0x00000000ebdca030,0x00000000f5580000)
  to   space 174592K, 0% used [0x00000000f5580000,0x00000000f5580000,0x0000000100000000)
 ParOldGen       total 516096K, used 270966K [0x00000000a0000000, 0x00000000bf800000, 0x00000000e0000000)
  object space 516096K, 52% used [0x00000000a0000000,0x00000000b089d910,0x00000000bf800000)
 Metaspace       used 131219K, capacity 135144K, committed 135256K, reserved 1167360K
  class space    used 16079K, capacity 16909K, committed 16984K, reserved 1048576K
}
Event: 3410.623 GC heap before
{Heap before GC invocations=65 (full 9):
 PSYoungGen      total 349696K, used 194344K [0x00000000e0000000, 0x0000000100000000, 0x0000000100000000)
  eden space 175104K, 100% used [0x00000000e0000000,0x00000000eab00000,0x00000000eab00000)
  from space 174592K, 11% used [0x00000000eab00000,0x00000000ebdca030,0x00000000f5580000)
  to   space 174592K, 0% used [0x00000000f5580000,0x00000000f5580000,0x0000000100000000)
 ParOldGen       total 516096K, used 270966K [0x00000000a0000000, 0x00000000bf800000, 0x00000000e0000000)
  object space 516096K, 52% used [0x00000000a0000000,0x00000000b089d910,0x00000000bf800000)
 Metaspace       used 131276K, capacity 135238K, committed 135512K, reserved 1167360K
  class space    used 16081K, capacity 16914K, committed 16984K, reserved 1048576K
Event: 3410.720 GC heap after
Heap after GC invocations=65 (full 9):
 PSYoungGen      total 349696K, used 1440K [0x00000000e0000000, 0x0000000100000000, 0x0000000100000000)
  eden space 175104K, 0% used [0x00000000e0000000,0x00000000e0000000,0x00000000eab00000)
  from space 174592K, 0% used [0x00000000f5580000,0x00000000f56e8010,0x0000000100000000)
  to   space 174592K, 0% used [0x00000000eab00000,0x00000000eab00000,0x00000000f5580000)
 ParOldGen       total 516096K, used 278721K [0x00000000a0000000, 0x00000000bf800000, 0x00000000e0000000)
  object space 516096K, 54% used [0x00000000a0000000,0x00000000b10305c0,0x00000000bf800000)
 Metaspace       used 131276K, capacity 135238K, committed 135512K, reserved 1167360K
  class space    used 16081K, capacity 16914K, committed 16984K, reserved 1048576K
}
Event: 9197.345 GC heap before
{Heap before GC invocations=66 (full 9):
 PSYoungGen      total 349696K, used 176544K [0x00000000e0000000, 0x0000000100000000, 0x0000000100000000)
  eden space 175104K, 100% used [0x00000000e0000000,0x00000000eab00000,0x00000000eab00000)
  from space 174592K, 0% used [0x00000000f5580000,0x00000000f56e8010,0x0000000100000000)
  to   space 174592K, 0% used [0x00000000eab00000,0x00000000eab00000,0x00000000f5580000)
 ParOldGen       total 516096K, used 278721K [0x00000000a0000000, 0x00000000bf800000, 0x00000000e0000000)
  object space 516096K, 54% used [0x00000000a0000000,0x00000000b10305c0,0x00000000bf800000)
 Metaspace       used 131400K, capacity 135310K, committed 135512K, reserved 1167360K
  class space    used 16082K, capacity 16914K, committed 16984K, reserved 1048576K

